<?xml version="1.0" encoding="UTF-8" ?>
<testsuite failures="0" time="6.338" errors="0" skipped="0" tests="16" name="joel.lajoiecorriveau.lootgen.TestService">
  <properties>
[...]
</properties>
  <testcase time="0.15" classname="joel.lajoiecorriveau.lootgen.TestService" name="testMultipleSaveAndGetAll2User"/>
  <testcase time="0.037" classname="joel.lajoiecorriveau.lootgen.TestService" name="testDeleteOne2User"/>
  <testcase time="0.738" classname="joel.lajoiecorriveau.lootgen.TestService" name="testDeleteALLUser"/>
  <testcase time="0.816" classname="joel.lajoiecorriveau.lootgen.TestService" name="testAuthentifyUser"/>
  <testcase time="1.404" classname="joel.lajoiecorriveau.lootgen.TestService" name="testGetUserByIDNoExist"/>
  <testcase time="0.034" classname="joel.lajoiecorriveau.lootgen.TestService" name="testGetByIDItem"/>
  <testcase time="0.031" classname="joel.lajoiecorriveau.lootgen.TestService" name="testSaveItemPool"/>
  <testcase time="0.651" classname="joel.lajoiecorriveau.lootgen.TestService" name="testGetItemPoolByID"/>
  <testcase time="0.865" classname="joel.lajoiecorriveau.lootgen.TestService" name="testLootGeneration"/>
  <testcase time="0.036" classname="joel.lajoiecorriveau.lootgen.TestService" name="testSaveAndGetAllUser"/>
  <testcase time="0.056" classname="joel.lajoiecorriveau.lootgen.TestService" name="testCreateUser"/>
  <testcase time="0.036" classname="joel.lajoiecorriveau.lootgen.TestService" name="testSaveUserWithExceptions"/>
  <testcase time="1.389" classname="joel.lajoiecorriveau.lootgen.TestService" name="testMultipleSaveAndGetAllUser"/>
  <testcase time="0.033" classname="joel.lajoiecorriveau.lootgen.TestService" name="testGetByIDUser"/>
  <testcase time="0.03" classname="joel.lajoiecorriveau.lootgen.TestService" name="testDeleteOneUser"/>
  <testcase time="0.028" classname="joel.lajoiecorriveau.lootgen.TestService" name="testSaveItem"/>
</testsuite>